Determining if the pthread_create exist failed with the following output:
Change Dir: /media/gabriel/SSD Storage/OneDrive/University/Year One/COMP105P - Robotics Programming/Robotics/Simulator_Release_160505/Client/CMakeFiles/CMakeTmp

Run Build Command:"/usr/bin/make" "cmTryCompileExec1812129326/fast"
/usr/bin/make -f CMakeFiles/cmTryCompileExec1812129326.dir/build.make CMakeFiles/cmTryCompileExec1812129326.dir/build
make[1]: Entering directory '/media/gabriel/SSD Storage/OneDrive/University/Year One/COMP105P - Robotics Programming/Robotics/Simulator_Release_160505/Client/CMakeFiles/CMakeTmp'
/usr/bin/cmake -E cmake_progress_report "/media/gabriel/SSD Storage/OneDrive/University/Year One/COMP105P - Robotics Programming/Robotics/Simulator_Release_160505/Client/CMakeFiles/CMakeTmp/CMakeFiles" 1
Building C object CMakeFiles/cmTryCompileExec1812129326.dir/CheckSymbolExists.c.o
/usr/bin/cc    -o CMakeFiles/cmTryCompileExec1812129326.dir/CheckSymbolExists.c.o   -c "/media/gabriel/SSD Storage/OneDrive/University/Year One/COMP105P - Robotics Programming/Robotics/Simulator_Release_160505/Client/CMakeFiles/CMakeTmp/CheckSymbolExists.c"
Linking C executable cmTryCompileExec1812129326
/usr/bin/cmake -E cmake_link_script CMakeFiles/cmTryCompileExec1812129326.dir/link.txt --verbose=1
/usr/bin/cc       CMakeFiles/cmTryCompileExec1812129326.dir/CheckSymbolExists.c.o  -o cmTryCompileExec1812129326 -rdynamic 
CMakeFiles/cmTryCompileExec1812129326.dir/CheckSymbolExists.c.o: In function `main':
CheckSymbolExists.c:(.text+0x16): undefined reference to `pthread_create'
collect2: error: ld returned 1 exit status
CMakeFiles/cmTryCompileExec1812129326.dir/build.make:88: recipe for target 'cmTryCompileExec1812129326' failed
make[1]: *** [cmTryCompileExec1812129326] Error 1
make[1]: Leaving directory '/media/gabriel/SSD Storage/OneDrive/University/Year One/COMP105P - Robotics Programming/Robotics/Simulator_Release_160505/Client/CMakeFiles/CMakeTmp'
Makefile:117: recipe for target 'cmTryCompileExec1812129326/fast' failed
make: *** [cmTryCompileExec1812129326/fast] Error 2

File /media/gabriel/SSD Storage/OneDrive/University/Year One/COMP105P - Robotics Programming/Robotics/Simulator_Release_160505/Client/CMakeFiles/CMakeTmp/CheckSymbolExists.c:
/* */
#include <pthread.h>

int main(int argc, char** argv)
{
  (void)argv;
#ifndef pthread_create
  return ((int*)(&pthread_create))[argc];
#else
  (void)argc;
  return 0;
#endif
}

Determining if the function pthread_create exists in the pthreads failed with the following output:
Change Dir: /media/gabriel/SSD Storage/OneDrive/University/Year One/COMP105P - Robotics Programming/Robotics/Simulator_Release_160505/Client/CMakeFiles/CMakeTmp

Run Build Command:"/usr/bin/make" "cmTryCompileExec1653553933/fast"
/usr/bin/make -f CMakeFiles/cmTryCompileExec1653553933.dir/build.make CMakeFiles/cmTryCompileExec1653553933.dir/build
make[1]: Entering directory '/media/gabriel/SSD Storage/OneDrive/University/Year One/COMP105P - Robotics Programming/Robotics/Simulator_Release_160505/Client/CMakeFiles/CMakeTmp'
/usr/bin/cmake -E cmake_progress_report "/media/gabriel/SSD Storage/OneDrive/University/Year One/COMP105P - Robotics Programming/Robotics/Simulator_Release_160505/Client/CMakeFiles/CMakeTmp/CMakeFiles" 1
Building C object CMakeFiles/cmTryCompileExec1653553933.dir/CheckFunctionExists.c.o
/usr/bin/cc   -DCHECK_FUNCTION_EXISTS=pthread_create   -o CMakeFiles/cmTryCompileExec1653553933.dir/CheckFunctionExists.c.o   -c /usr/share/cmake-3.2/Modules/CheckFunctionExists.c
Linking C executable cmTryCompileExec1653553933
/usr/bin/cmake -E cmake_link_script CMakeFiles/cmTryCompileExec1653553933.dir/link.txt --verbose=1
/usr/bin/cc   -DCHECK_FUNCTION_EXISTS=pthread_create    CMakeFiles/cmTryCompileExec1653553933.dir/CheckFunctionExists.c.o  -o cmTryCompileExec1653553933 -rdynamic -lpthreads 
/usr/bin/ld: cannot find -lpthreads
collect2: error: ld returned 1 exit status
CMakeFiles/cmTryCompileExec1653553933.dir/build.make:88: recipe for target 'cmTryCompileExec1653553933' failed
make[1]: *** [cmTryCompileExec1653553933] Error 1
make[1]: Leaving directory '/media/gabriel/SSD Storage/OneDrive/University/Year One/COMP105P - Robotics Programming/Robotics/Simulator_Release_160505/Client/CMakeFiles/CMakeTmp'
Makefile:117: recipe for target 'cmTryCompileExec1653553933/fast' failed
make: *** [cmTryCompileExec1653553933/fast] Error 2


